<?xml version="1.0" encoding="UTF-8"?>
<!-- Generated by org.testng.reporters.JUnitReportReporter -->
<testsuite hostname="DESKTOP-73GTT7A" failures="0" tests="3" name="swaglab.LoginTest" time="19.344" errors="0" timestamp="2023-10-24T12:41:32 EET" skipped="0">
  <testcase classname="swaglab.LoginTest" name="LoginWithStandardUSer" time="3.332"/>
  <system-out/>
  <testcase classname="swaglab.LoginTest" name="LoginWithProblemUser" time="3.280"/>
  <system-out/>
  <testcase classname="swaglab.LoginTest" name="LoginWithPerformanceUser" time="12.732"/>
  <system-out/>
</testsuite> <!-- swaglab.LoginTest -->
